DEB [20170214-08:15:31.058] thr=1   paramiko.transport: starting thread (client mode): 0xedad8dd0L
DEB [20170214-08:15:31.058] thr=1   paramiko.transport: Local version/idstring: SSH-2.0-paramiko_2.1.1
DEB [20170214-08:15:31.099] thr=1   paramiko.transport: Remote version/idstring: SSH-2.0-OpenSSH_7.2p2 Ubuntu-4ubuntu2.1
INF [20170214-08:15:31.099] thr=1   paramiko.transport: Connected (version 2.0, client OpenSSH_7.2p2)
DEB [20170214-08:15:31.122] thr=1   paramiko.transport: kex algos:[u'curve25519-sha256@libssh.org', u'ecdh-sha2-nistp256', u'ecdh-sha2-nistp384', u'ecdh-sha2-nistp521', u'diffie-hellman-group-exchange-sha256', u'diffie-hellman-group14-sha1'] server key:[u'ssh-rsa', u'rsa-sha2-512', u'rsa-sha2-256', u'ecdsa-sha2-nistp256', u'ssh-ed25519'] client encrypt:[u'chacha20-poly1305@openssh.com', u'aes128-ctr', u'aes192-ctr', u'aes256-ctr', u'aes128-gcm@openssh.com', u'aes256-gcm@openssh.com'] server encrypt:[u'chacha20-poly1305@openssh.com', u'aes128-ctr', u'aes192-ctr', u'aes256-ctr', u'aes128-gcm@openssh.com', u'aes256-gcm@openssh.com'] client mac:[u'umac-64-etm@openssh.com', u'umac-128-etm@openssh.com', u'hmac-sha2-256-etm@openssh.com', u'hmac-sha2-512-etm@openssh.com', u'hmac-sha1-etm@openssh.com', u'umac-64@openssh.com', u'umac-128@openssh.com', u'hmac-sha2-256', u'hmac-sha2-512', u'hmac-sha1'] server mac:[u'umac-64-etm@openssh.com', u'umac-128-etm@openssh.com', u'hmac-sha2-256-etm@openssh.com', u'hmac-sha2-512-etm@openssh.com', u'hmac-sha1-etm@openssh.com', u'umac-64@openssh.com', u'umac-128@openssh.com', u'hmac-sha2-256', u'hmac-sha2-512', u'hmac-sha1'] client compress:[u'none', u'zlib@openssh.com'] server compress:[u'none', u'zlib@openssh.com'] client lang:[u''] server lang:[u''] kex follows?False
DEB [20170214-08:15:31.122] thr=1   paramiko.transport: Kex agreed: diffie-hellman-group14-sha1
DEB [20170214-08:15:31.122] thr=1   paramiko.transport: Cipher agreed: aes128-ctr
DEB [20170214-08:15:31.122] thr=1   paramiko.transport: MAC agreed: hmac-sha2-256
DEB [20170214-08:15:31.122] thr=1   paramiko.transport: Compression agreed: none
DEB [20170214-08:15:31.281] thr=1   paramiko.transport: kex engine KexGroup14 specified hash_algo <built-in function openssl_sha1>
DEB [20170214-08:15:31.283] thr=1   paramiko.transport: Switch to new keys ...
DEB [20170214-08:15:31.287] thr=2   paramiko.transport: Adding ssh-rsa host key for 178.62.206.144: 86df56b663d265498763a0b3415aa7a9
DEB [20170214-08:15:31.288] thr=2   paramiko.transport: Trying SSH agent key 4566383bc5ab4c648990726cc5d9dfc5
DEB [20170214-08:15:31.366] thr=1   paramiko.transport: userauth is OK
INF [20170214-08:15:31.403] thr=1   paramiko.transport: Authentication (publickey) successful!
DEB [20170214-08:15:31.405] thr=2   paramiko.transport: [chan 0] Max packet in: 32768 bytes
DEB [20170214-08:15:31.551] thr=1   paramiko.transport: Received global request "hostkeys-00@openssh.com"
DEB [20170214-08:15:31.551] thr=1   paramiko.transport: Rejecting "hostkeys-00@openssh.com" global request from server.
DEB [20170214-08:15:31.609] thr=1   paramiko.transport: [chan 0] Max packet out: 32768 bytes
DEB [20170214-08:15:31.610] thr=1   paramiko.transport: Secsh channel 0 opened.
DEB [20170214-08:15:31.637] thr=1   paramiko.transport: [chan 0] Sesch channel 0 request ok
DEB [20170214-08:15:39.574] thr=1   paramiko.transport: [chan 0] EOF received (0)
DEB [20170214-08:15:39.575] thr=1   paramiko.transport: [chan 0] EOF sent (0)
DEB [20170214-08:15:45.787] thr=1   paramiko.transport: EOF in transport thread
